<?xml version="1.0" encoding="UTF-8"?>
<!-- Generated by org.testng.reporters.JUnitReportReporter -->
<testsuite hostname="LAPTOP-EL4BC340" failures="0" tests="7" name="ChucNang_TimKiem.TimKiem_VaiTroKhach_Update" time="24.321" errors="0" timestamp="2024-04-06T17:39:44 ICT" skipped="0">
  <testcase classname="ChucNang_TimKiem.TimKiem_VaiTroKhach_Update" name="Title" time="0.026"/>
  <system-out/>
  <testcase classname="ChucNang_TimKiem.TimKiem_VaiTroKhach_Update" name="NhanVat" time="1.573"/>
  <system-out/>
  <testcase classname="ChucNang_TimKiem.TimKiem_VaiTroKhach_Update" name="KhaoSat" time="6.538"/>
  <system-out/>
  <testcase classname="ChucNang_TimKiem.TimKiem_VaiTroKhach_Update" name="XemGoiY" time="4.653"/>
  <system-out/>
  <testcase classname="ChucNang_TimKiem.TimKiem_VaiTroKhach_Update" name="XemDanhSachCongViec" time="2.668"/>
  <system-out/>
  <testcase classname="ChucNang_TimKiem.TimKiem_VaiTroKhach_Update" name="timKiem" time="2.825"/>
  <system-out/>
  <testcase classname="ChucNang_TimKiem.TimKiem_VaiTroKhach_Update" name="TimKiem_TheoDiaDiem" time="6.038"/>
  <system-out/>
</testsuite> <!-- ChucNang_TimKiem.TimKiem_VaiTroKhach_Update -->
