<?xml version="1.0" encoding="UTF-8"?>
<!-- Generated by org.testng.reporters.JUnitReportReporter -->
<testsuite hostname="LAPTOP-EL4BC340" failures="0" tests="3" name="ChucNang_TimKiem.TimKiem_VaiTroNguoiDung_Update" time="19.379" errors="0" timestamp="2024-04-06T17:40:15 ICT" skipped="0">
  <testcase classname="ChucNang_TimKiem.TimKiem_VaiTroNguoiDung_Update" name="loginTest" time="5.800"/>
  <system-out/>
  <testcase classname="ChucNang_TimKiem.TimKiem_VaiTroNguoiDung_Update" name="TimKiem_TheoTen" time="8.033"/>
  <system-out/>
  <testcase classname="ChucNang_TimKiem.TimKiem_VaiTroNguoiDung_Update" name="TimKiem_TheoDiaDiem" time="5.546"/>
  <system-out/>
</testsuite> <!-- ChucNang_TimKiem.TimKiem_VaiTroNguoiDung_Update -->
